# JRE version: OpenJDK Runtime Environment (8.0_212-b01) (build 1.8.0_212-8u212-b01-1+rpi1-b01)
# Java VM: OpenJDK Client VM (25.212-b01 mixed mode linux-aarch32 )
Heap:
 def new generation   total 91264K, used 25334K [0x52e00000, 0x59100000, 0x72e00000)
  eden space 81152K,  18% used [0x52e00000, 0x53cdd950, 0x57d40000)
  from space 10112K, 100% used [0x57d40000, 0x58720000, 0x58720000)
  to   space 10112K,   0% used [0x58720000, 0x58720000, 0x59100000)
 tenured generation   total 202592K, used 138664K [0x72e00000, 0x7f3d8000, 0xb2e00000)
   the space 202592K,  68% used [0x72e00000, 0x7b56a2d8, 0x7b56a400, 0x7f3d8000)
 Metaspace       used 66548K, capacity 68171K, committed 68248K, reserved 68912K
GC Heap History (10 events):
Event: 397,364 GC heap before
{Heap before GC invocations=214 (full 15):
 def new generation   total 57920K, used 57920K [0x52e00000, 0x56cd0000, 0x72e00000)
  eden space 51520K, 100% used [0x52e00000, 0x56050000, 0x56050000)
  from space 6400K, 100% used [0x56690000, 0x56cd0000, 0x56cd0000)
  to   space 6400K,   0% used [0x56050000, 0x56050000, 0x56690000)
 tenured generation   total 128604K, used 95491K [0x72e00000, 0x7ab97000, 0xb2e00000)
   the space 128604K,  74% used [0x72e00000, 0x78b40c30, 0x78b40e00, 0x7ab97000)
 Metaspace       used 56805K, capacity 57476K, committed 57496K, reserved 57648K
Event: 397,471 GC heap after
Heap after GC invocations=215 (full 15):
 def new generation   total 57920K, used 6400K [0x52e00000, 0x56cd0000, 0x72e00000)
  eden space 51520K,   0% used [0x52e00000, 0x52e00000, 0x56050000)
  from space 6400K, 100% used [0x56050000, 0x56690000, 0x56690000)
  to   space 6400K,   0% used [0x56690000, 0x56690000, 0x56cd0000)
 tenured generation   total 128604K, used 110867K [0x72e00000, 0x7ab97000, 0xb2e00000)
   the space 128604K,  86% used [0x72e00000, 0x79a44c48, 0x79a44e00, 0x7ab97000)
 Metaspace       used 56805K, capacity 57476K, committed 57496K, reserved 57648K
}
Event: 400,665 GC heap before
{Heap before GC invocations=215 (full 15):
 def new generation   total 57920K, used 57920K [0x52e00000, 0x56cd0000, 0x72e00000)
  eden space 51520K, 100% used [0x52e00000, 0x56050000, 0x56050000)
  from space 6400K, 100% used [0x56050000, 0x56690000, 0x56690000)
  to   space 6400K,   0% used [0x56690000, 0x56690000, 0x56cd0000)
 tenured generation   total 128604K, used 110867K [0x72e00000, 0x7ab97000, 0xb2e00000)
   the space 128604K,  86% used [0x72e00000, 0x79a44c48, 0x79a44e00, 0x7ab97000)
 Metaspace       used 61017K, capacity 61902K, committed 61976K, reserved 62768K
Event: 400,776 GC heap after
Heap after GC invocations=216 (full 15):
 def new generation   total 57920K, used 6400K [0x52e00000, 0x56cd0000, 0x72e00000)
  eden space 51520K,   0% used [0x52e00000, 0x52e00000, 0x56050000)
  from space 6400K, 100% used [0x56690000, 0x56cd0000, 0x56cd0000)
  to   space 6400K,   0% used [0x56050000, 0x56050000, 0x56690000)
 tenured generation   total 128604K, used 125231K [0x72e00000, 0x7ab97000, 0xb2e00000)
   the space 128604K,  97% used [0x72e00000, 0x7a84be80, 0x7a84c000, 0x7ab97000)
 Metaspace       used 61017K, capacity 61902K, committed 61976K, reserved 62768K
}
Event: 406,434 GC heap before
{Heap before GC invocations=216 (full 15):
 def new generation   total 57920K, used 57920K [0x52e00000, 0x56cd0000, 0x72e00000)
  eden space 51520K, 100% used [0x52e00000, 0x56050000, 0x56050000)
  from space 6400K, 100% used [0x56690000, 0x56cd0000, 0x56cd0000)
  to   space 6400K,   0% used [0x56050000, 0x56050000, 0x56690000)
 tenured generation   total 128604K, used 125231K [0x72e00000, 0x7ab97000, 0xb2e00000)
   the space 128604K,  97% used [0x72e00000, 0x7a84be80, 0x7a84c000, 0x7ab97000)
 Metaspace       used 62665K, capacity 63807K, committed 63896K, reserved 64816K
Event: 407,549 GC heap after
Heap after GC invocations=217 (full 16):
 def new generation   total 91264K, used 0K [0x52e00000, 0x59100000, 0x72e00000)
  eden space 81152K,   0% used [0x52e00000, 0x52e00000, 0x57d40000)
  from space 10112K,   0% used [0x57d40000, 0x57d40000, 0x58720000)
  to   space 10112K,   0% used [0x58720000, 0x58720000, 0x59100000)
 tenured generation   total 202592K, used 121553K [0x72e00000, 0x7f3d8000, 0xb2e00000)
   the space 202592K,  59% used [0x72e00000, 0x7a4b44d8, 0x7a4b4600, 0x7f3d8000)
 Metaspace       used 61905K, capacity 63000K, committed 63896K, reserved 64816K
}
Event: 416,565 GC heap before
{Heap before GC invocations=217 (full 16):
 def new generation   total 91264K, used 81152K [0x52e00000, 0x59100000, 0x72e00000)
  eden space 81152K, 100% used [0x52e00000, 0x57d40000, 0x57d40000)
  from space 10112K,   0% used [0x57d40000, 0x57d40000, 0x58720000)
  to   space 10112K,   0% used [0x58720000, 0x58720000, 0x59100000)
 tenured generation   total 202592K, used 121553K [0x72e00000, 0x7f3d8000, 0xb2e00000)
   the space 202592K,  59% used [0x72e00000, 0x7a4b44d8, 0x7a4b4600, 0x7f3d8000)
 Metaspace       used 63834K, capacity 65203K, committed 65304K, reserved 65840K
Event: 416,706 GC heap after
Heap after GC invocations=218 (full 16):
 def new generation   total 91264K, used 10112K [0x52e00000, 0x59100000, 0x72e00000)
  eden space 81152K,   0% used [0x52e00000, 0x52e00000, 0x57d40000)
  from space 10112K, 100% used [0x58720000, 0x59100000, 0x59100000)
  to   space 10112K,   0% used [0x57d40000, 0x57d40000, 0x58720000)
 tenured generation   total 202592K, used 126128K [0x72e00000, 0x7f3d8000, 0xb2e00000)
   the space 202592K,  62% used [0x72e00000, 0x7a92c2d0, 0x7a92c400, 0x7f3d8000)
 Metaspace       used 63834K, capacity 65203K, committed 65304K, reserved 65840K
}
Event: 423,629 GC heap before
{Heap before GC invocations=218 (full 16):
 def new generation   total 91264K, used 91264K [0x52e00000, 0x59100000, 0x72e00000)
  eden space 81152K, 100% used [0x52e00000, 0x57d40000, 0x57d40000)
  from space 10112K, 100% used [0x58720000, 0x59100000, 0x59100000)
  to   space 10112K,   0% used [0x57d40000, 0x57d40000, 0x58720000)
 tenured generation   total 202592K, used 126128K [0x72e00000, 0x7f3d8000, 0xb2e00000)
   the space 202592K,  62% used [0x72e00000, 0x7a92c2d0, 0x7a92c400, 0x7f3d8000)
 Metaspace       used 66082K, capacity 67672K, committed 67736K, reserved 67888K
Event: 423,791 GC heap after
Heap after GC invocations=219 (full 16):
 def new generation   total 91264K, used 10112K [0x52e00000, 0x59100000, 0x72e00000)
  eden space 81152K,   0% used [0x52e00000, 0x52e00000, 0x57d40000)
  from space 10112K, 100% used [0x57d40000, 0x58720000, 0x58720000)
  to   space 10112K,   0% used [0x58720000, 0x58720000, 0x59100000)
 tenured generation   total 202592K, used 138664K [0x72e00000, 0x7f3d8000, 0xb2e00000)
   the space 202592K,  68% used [0x72e00000, 0x7b56a2d8, 0x7b56a400, 0x7f3d8000)
 Metaspace       used 66082K, capacity 67672K, committed 67736K, reserved 67888K
}

